<?xml version="1.0" encoding="utf-8"?><testsuites name="pytest tests"><testsuite name="pytest" errors="0" failures="0" skipped="22" tests="25" time="0.690" timestamp="2026-02-06T11:09:07.309029+00:00" hostname="agent-env-3f703c7c-7baa-4e21-95b1-422675dd4139"><testcase classname="backend.tests.test_api.TestSetupAndAuth" name="test_api_root" time="0.088" /><testcase classname="backend.tests.test_api.TestSetupAndAuth" name="test_setup_status" time="0.039" /><testcase classname="backend.tests.test_api.TestSetupAndAuth" name="test_login_invalid_credentials" time="0.088" /><testcase classname="backend.tests.test_api.TestSetupAndAuth" name="test_login_valid_credentials" time="0.339"><skipped type="pytest.skip" message="Could not authenticate - no valid credentials">/app/backend/tests/test_api.py:47: Could not authenticate - no valid credentials</skipped></testcase><testcase classname="backend.tests.test_api.TestSetupAndAuth" name="test_get_current_user" time="0.000"><skipped type="pytest.skip" message="Could not authenticate - no valid credentials">/app/backend/tests/test_api.py:53: Could not authenticate - no valid credentials</skipped></testcase><testcase classname="backend.tests.test_api.TestFolderCRUD" name="test_create_folder" time="0.000"><skipped type="pytest.skip" message="Could not authenticate - no valid credentials">/app/backend/tests/test_api.py:66: Could not authenticate - no valid credentials</skipped></testcase><testcase classname="backend.tests.test_api.TestFolderCRUD" name="test_get_folders" time="0.000"><skipped type="pytest.skip" message="Could not authenticate - no valid credentials">/app/backend/tests/test_api.py:82: Could not authenticate - no valid credentials</skipped></testcase><testcase classname="backend.tests.test_api.TestFolderCRUD" name="test_get_folder_by_id" time="0.000"><skipped type="pytest.skip" message="Could not authenticate - no valid credentials">/app/backend/tests/test_api.py:91: Could not authenticate - no valid credentials</skipped></testcase><testcase classname="backend.tests.test_api.TestFolderCRUD" name="test_update_folder" time="0.000"><skipped type="pytest.skip" message="Could not authenticate - no valid credentials">/app/backend/tests/test_api.py:100: Could not authenticate - no valid credentials</skipped></testcase><testcase classname="backend.tests.test_api.TestFolderCRUD" name="test_get_folder_path" time="0.000"><skipped type="pytest.skip" message="Could not authenticate - no valid credentials">/app/backend/tests/test_api.py:114: Could not authenticate - no valid credentials</skipped></testcase><testcase classname="backend.tests.test_api.TestFolderCRUD" name="test_create_nested_folder" time="0.000"><skipped type="pytest.skip" message="Could not authenticate - no valid credentials">/app/backend/tests/test_api.py:123: Could not authenticate - no valid credentials</skipped></testcase><testcase classname="backend.tests.test_api.TestFileOperations" name="test_upload_file" time="0.000"><skipped type="pytest.skip" message="Could not authenticate - no valid credentials">/app/backend/tests/test_api.py:142: Could not authenticate - no valid credentials</skipped></testcase><testcase classname="backend.tests.test_api.TestFileOperations" name="test_get_files_in_folder" time="0.000"><skipped type="pytest.skip" message="Could not authenticate - no valid credentials">/app/backend/tests/test_api.py:170: Could not authenticate - no valid credentials</skipped></testcase><testcase classname="backend.tests.test_api.TestFileOperations" name="test_get_thumbnail" time="0.000"><skipped type="pytest.skip" message="Could not authenticate - no valid credentials">/app/backend/tests/test_api.py:180: Could not authenticate - no valid credentials</skipped></testcase><testcase classname="backend.tests.test_api.TestFileOperations" name="test_get_preview" time="0.000"><skipped type="pytest.skip" message="Could not authenticate - no valid credentials">/app/backend/tests/test_api.py:187: Could not authenticate - no valid credentials</skipped></testcase><testcase classname="backend.tests.test_api.TestFileOperations" name="test_download_file" time="0.000"><skipped type="pytest.skip" message="Could not authenticate - no valid credentials">/app/backend/tests/test_api.py:194: Could not authenticate - no valid credentials</skipped></testcase><testcase classname="backend.tests.test_api.TestFileOperations" name="test_delete_file" time="0.000"><skipped type="pytest.skip" message="Could not authenticate - no valid credentials">/app/backend/tests/test_api.py:200: Could not authenticate - no valid credentials</skipped></testcase><testcase classname="backend.tests.test_api.TestShareOperations" name="test_create_share" time="0.000"><skipped type="pytest.skip" message="Could not authenticate - no valid credentials">/app/backend/tests/test_api.py:216: Could not authenticate - no valid credentials</skipped></testcase><testcase classname="backend.tests.test_api.TestShareOperations" name="test_get_shares" time="0.000"><skipped type="pytest.skip" message="Could not authenticate - no valid credentials">/app/backend/tests/test_api.py:236: Could not authenticate - no valid credentials</skipped></testcase><testcase classname="backend.tests.test_api.TestShareOperations" name="test_update_share_permission" time="0.000"><skipped type="pytest.skip" message="Could not authenticate - no valid credentials">/app/backend/tests/test_api.py:245: Could not authenticate - no valid credentials</skipped></testcase><testcase classname="backend.tests.test_api.TestShareOperations" name="test_get_share_qrcode" time="0.000"><skipped type="pytest.skip" message="Could not authenticate - no valid credentials">/app/backend/tests/test_api.py:257: Could not authenticate - no valid credentials</skipped></testcase><testcase classname="backend.tests.test_api.TestShareOperations" name="test_public_gallery_access" time="0.000"><skipped type="pytest.skip" message="Could not authenticate - no valid credentials">/app/backend/tests/test_api.py:265: Could not authenticate - no valid credentials</skipped></testcase><testcase classname="backend.tests.test_api.TestShareOperations" name="test_delete_share" time="0.000"><skipped type="pytest.skip" message="Could not authenticate - no valid credentials">/app/backend/tests/test_api.py:274: Could not authenticate - no valid credentials</skipped></testcase><testcase classname="backend.tests.test_api.TestStats" name="test_get_stats" time="0.000"><skipped type="pytest.skip" message="Could not authenticate - no valid credentials">/app/backend/tests/test_api.py:285: Could not authenticate - no valid credentials</skipped></testcase><testcase classname="backend.tests.test_api.TestCleanup" name="test_delete_test_folder" time="0.000"><skipped type="pytest.skip" message="Could not authenticate - no valid credentials">/app/backend/tests/test_api.py:301: Could not authenticate - no valid credentials</skipped></testcase></testsuite></testsuites>